<?xml version="1.0" encoding="UTF-8"?>
<!-- Generated by org.testng.reporters.JUnitReportReporter -->
<testsuite hostname="DESKTOP-K80B83G" failures="0" tests="2" name="Cross_browser.Login_test" time="12.288" errors="0" timestamp="2023-01-03T11:48:50 IST" skipped="0">
  <testcase classname="Cross_browser.Login_test" name="verifylogin" time="5.949"/>
  <system-out/>
  <testcase classname="Cross_browser.Login_test" name="verifylogin" time="6.339"/>
  <system-out/>
</testsuite> <!-- Cross_browser.Login_test -->
