<?xml version="1.0" encoding="UTF-8"?>
<!-- Generated by org.testng.reporters.JUnitReportReporter -->
<testsuite hostname="DESKTOP-K80B83G" failures="0" tests="4" name="test_NG.Test_5" time="0.019" errors="0" timestamp="2023-01-06T12:58:39 IST" skipped="0">
  <testcase classname="test_NG.Test_5" name="test4" time="0.003"/>
  <system-out/>
  <testcase classname="test_NG.Test_5" name="test1" time="0.009"/>
  <system-out/>
  <testcase classname="test_NG.Test_5" name="test3" time="0.005"/>
  <system-out/>
  <testcase classname="test_NG.Test_5" name="test2" time="0.002"/>
  <system-out/>
</testsuite> <!-- test_NG.Test_5 -->
