<?xml version="1.0" encoding="UTF-8"?>
<!-- Generated by org.testng.reporters.JUnitReportReporter -->
<testsuite hostname="DESKTOP-K80B83G" failures="0" tests="1" name="test_NG.regre_sanity" time="0.015" errors="0" timestamp="2023-01-06T17:37:04 IST" skipped="0">
  <testcase classname="test_NG.regre_sanity" name="regre" time="0.015"/>
  <system-out/>
</testsuite> <!-- test_NG.regre_sanity -->
