<?xml version="1.0" encoding="UTF-8"?>
<!-- Generated by org.testng.reporters.JUnitReportReporter -->
<testsuite hostname="DESKTOP-K80B83G" failures="0" tests="3" name="test_NG.Test1" time="0.009" errors="0" timestamp="2023-01-06T12:46:54 IST" skipped="0">
  <testcase classname="test_NG.Test1" name="m2" time="0.003"/>
  <system-out/>
  <testcase classname="test_NG.Test1" name="m1" time="0.003"/>
  <system-out/>
  <testcase classname="test_NG.Test1" name="m3" time="0.003"/>
  <system-out/>
</testsuite> <!-- test_NG.Test1 -->
