<?xml version="1.0" encoding="UTF-8"?>
<!-- Generated by org.testng.reporters.JUnitReportReporter -->
<testsuite hostname="DESKTOP-K80B83G" failures="0" tests="1" name="test_NG.Test_L2" time="0.005" errors="0" timestamp="2023-01-06T12:58:39 IST" skipped="0">
  <testcase classname="test_NG.Test_L2" name="TestA" time="0.005"/>
  <system-out/>
</testsuite> <!-- test_NG.Test_L2 -->
