<?xml version="1.0" encoding="UTF-8"?>
<!-- Generated by org.testng.reporters.JUnitReportReporter -->
<testsuite hostname="DESKTOP-K80B83G" failures="0" tests="2" name="Pom_findBy.LoginPP" time="9.100" errors="0" timestamp="2023-01-05T10:47:32 IST" skipped="0">
  <testcase classname="Pom_findBy.LoginPP" name="verifyloginvalid" time="5.567"/>
  <system-out/>
  <testcase classname="Pom_findBy.LoginPP" name="verifylogininvalid" time="3.533"/>
  <system-out/>
</testsuite> <!-- Pom_findBy.LoginPP -->
