<?xml version="1.0" encoding="UTF-8"?>
<!-- Generated by org.testng.reporters.JUnitReportReporter -->
<testsuite hostname="DESKTOP-K80B83G" failures="0" tests="2" name="Cross_browser.Homepage" time="0.002" errors="0" timestamp="2023-01-03T11:48:50 IST" skipped="0">
  <testcase classname="Cross_browser.Homepage" name="c1" time="0.001"/>
  <system-out/>
  <testcase classname="Cross_browser.Homepage" name="c1" time="0.001"/>
  <system-out/>
</testsuite> <!-- Cross_browser.Homepage -->
