<?xml version="1.0" encoding="UTF-8"?>
<!-- Generated by org.testng.reporters.JUnitReportReporter -->
<testsuite hostname="DESKTOP-K80B83G" failures="0" tests="3" name="test_NG.alphabetically" time="0.029" errors="0" timestamp="2023-01-06T12:23:34 IST" skipped="0">
  <testcase classname="test_NG.alphabetically" name="modify" time="0.005"/>
  <system-out/>
  <testcase classname="test_NG.alphabetically" name="dommy" time="0.021"/>
  <system-out/>
  <testcase classname="test_NG.alphabetically" name="justify" time="0.003"/>
  <system-out/>
</testsuite> <!-- test_NG.alphabetically -->
